<?xml version="1.0" encoding="UTF-8"?>
<!-- Generated by org.testng.reporters.JUnitXMLReporter -->
<testsuite ignored="0" hostname="PK-QAT-LP-229" failures="3" tests="16" name="AppTests" time="133.505" errors="0" timestamp="2024-10-28T15:05:36 IST">
  <testcase classname="ApptestCases.LoginTest" name="@AfterTest userLogout" time="5.121">
    <failure type="java.lang.NullPointerException" message="Cannot invoke &amp;quot;org.openqa.selenium.JavascriptExecutor.executeScript(String, Object[])&amp;quot; because &amp;quot;jse&amp;quot; is null">
      <![CDATA[java.lang.NullPointerException: Cannot invoke "org.openqa.selenium.JavascriptExecutor.executeScript(String, Object[])" because "jse" is null
at AdminUtilities.AppUtil.scroll_till_element(AppUtil.java:69)
at AppPageObject.LoginPage.logOut(LoginPage.java:123)
at ApptestCases.LoginTest.userLogout(LoginTest.java:62)
... Removed 22 stack frames]]>
    </failure>
  </testcase> <!-- @AfterTest userLogout -->
  <testcase classname="ApptestCases.LoginTest" name="passwordForget" time="3.604"/>
  <testcase classname="ApptestCases.LoginTest" name="invalidLogin" time="1.414"/>
  <testcase classname="ApptestCases.LoginTest" name="userLogin" time="4.661"/>
  <testcase classname="ApptestCases.LoginTest" name="clickCreateApplication" time="4.489"/>
  <testcase classname="ApptestCases.UsedVehicleTest" name="fillDealDetailUsed" time="6.472"/>
  <testcase classname="ApptestCases.UsedVehicleTest" name="fillCollateralInformationUsed" time="9.093">
    <failure type="java.lang.UnsupportedOperationException" message="You may not select an option in disabled select">
      <![CDATA[java.lang.UnsupportedOperationException: You may not select an option in disabled select
at org.openqa.selenium.support.ui.Select.assertSelectIsEnabled(Select.java:327)
at org.openqa.selenium.support.ui.Select.selectByValue(Select.java:193)
at AppUtilities.AppActionUtil.select_by_value(AppActionUtil.java:55)
at AppPageObject.UsedVehiclePage.fillCollateralInformationForUsed(UsedVehiclePage.java:102)
at ApptestCases.UsedVehicleTest.fillCollateralInformationUsed(UsedVehicleTest.java:25)
at java.base/java.util.ArrayList.forEach(ArrayList.java:1596)
... Removed 25 stack frames]]>
    </failure>
  </testcase> <!-- fillCollateralInformationUsed -->
  <testcase classname="ApptestCases.UsedVehicleTest" name="selectAdditionalProductUsed" time="13.543">
    <failure type="org.openqa.selenium.NoSuchElementException" message="Cannot locate option with value: 17
For documentation on this error, please visit: https://www.selenium.dev/documentation/webdriver/troubleshooting/errors#no-such-element-exception
Build info: version: &amp;apos;4.25.0&amp;apos;, revision: &amp;apos;8a8aea2337&amp;apos;
System info: os.name: &amp;apos;Windows 11&amp;apos;, os.arch: &amp;apos;amd64&amp;apos;, os.version: &amp;apos;10.0&amp;apos;, java.version: &amp;apos;21.0.4&amp;apos;
Driver info: driver.version: unknown">
      <![CDATA[org.openqa.selenium.NoSuchElementException: Cannot locate option with value: 17
For documentation on this error, please visit: https://www.selenium.dev/documentation/webdriver/troubleshooting/errors#no-such-element-exception
Build info: version: '4.25.0', revision: '8a8aea2337'
System info: os.name: 'Windows 11', os.arch: 'amd64', os.version: '10.0', java.version: '21.0.4'
Driver info: driver.version: unknown
at org.openqa.selenium.support.ui.Select.findOptionsByValue(Select.java:289)
at org.openqa.selenium.support.ui.Select.selectByValue(Select.java:194)
at AppUtilities.AppActionUtil.select_by_value(AppActionUtil.java:55)
at AppPageObject.UsedVehiclePage.addAdditionalProduct(UsedVehiclePage.java:129)
at ApptestCases.UsedVehicleTest.selectAdditionalProductUsed(UsedVehicleTest.java:32)
at java.base/java.util.ArrayList.forEach(ArrayList.java:1596)
... Removed 25 stack frames]]>
    </failure>
  </testcase> <!-- selectAdditionalProductUsed -->
  <testcase classname="ApptestCases.FillApplicantDetailsTest" name="fillApplicantDetails" time="10.416"/>
  <testcase classname="ApptestCases.FillApplicantDetailsTest" name="fillPhysicalAddressDetails" time="2.392"/>
  <testcase classname="ApptestCases.FillApplicantDetailsTest" name="fillPreviousPhysicalAddressDetails" time="5.069"/>
  <testcase classname="ApptestCases.FillApplicantDetailsTest" name="fillEmploymentInformationDetails" time="3.809"/>
  <testcase classname="ApptestCases.FillApplicantDetailsTest" name="fillAddEmploymentInformationDetails" time="7.532"/>
  <testcase classname="ApptestCases.FillApplicantDetailsTest" name="fillAdditionalMonthlyIncomeDetails" time="6.832"/>
  <testcase classname="ApptestCases.SaveSubmitTest" name="tc_applicationSave" time="14.446"/>
  <testcase classname="ApptestCases.SaveSubmitTest" name="tc_applicationSubmit" time="0.015">
    <failure type="java.lang.NullPointerException" message="Cannot invoke &amp;quot;org.openqa.selenium.WebElement.isDisplayed()&amp;quot; because &amp;quot;element&amp;quot; is null">
      <![CDATA[java.lang.NullPointerException: Cannot invoke "org.openqa.selenium.WebElement.isDisplayed()" because "element" is null
at org.openqa.selenium.support.ui.ExpectedConditions.elementIfVisible(ExpectedConditions.java:304)
at org.openqa.selenium.support.ui.ExpectedConditions$10.apply(ExpectedConditions.java:290)
at org.openqa.selenium.support.ui.ExpectedConditions$10.apply(ExpectedConditions.java:287)
at org.openqa.selenium.support.ui.FluentWait.until(FluentWait.java:203)
at AppUtilities.AppActionUtil.visibilityOfElement(AppActionUtil.java:39)
at AppUtilities.AppActionUtil.scroll_till_element(AppActionUtil.java:66)
at AppPageObject.SaveSubmitPage.submitAndFinanceCalculation(SaveSubmitPage.java:61)
at ApptestCases.SaveSubmitTest.tc_applicationSubmit(SaveSubmitTest.java:31)
at java.base/java.util.ArrayList.forEach(ArrayList.java:1596)
... Removed 25 stack frames]]>
    </failure>
  </testcase> <!-- tc_applicationSubmit -->
  <testcase classname="ApptestCases.SaveSubmitTest" name="tc_verifyEditDraft" time="17.181"/>
</testsuite> <!-- AppTests -->
