<!DOCTYPE html PUBLIC "-//W3C//DTD XHTML 1.1//EN" "https://www.w3.org/TR/xhtml11/DTD/xhtml11.dtd">
<html xmlns="https://www.w3.org/1999/xhtml">
<head>
<meta http-equiv="content-type" content="text/html; charset=UTF-8"/>
<title>TestNG Report</title>
<style type="text/css">table {margin-bottom:10px;border-collapse:collapse;empty-cells:show}th,td {border:1px solid #009;padding:.25em .5em}th {vertical-align:bottom}td {vertical-align:top}table a {font-weight:bold}.stripe td {background-color: #E6EBF9}.num {text-align:right}.passedodd td {background-color: #3F3}.passedeven td {background-color: #0A0}.skippedodd td {background-color: #DDD}.skippedeven td {background-color: #CCC}.failedodd td,.attn {background-color: #F33}.failedeven td,.stripe .attn {background-color: #D00}.stacktrace {white-space:pre;font-family:monospace}.totop {font-size:85%;text-align:center;border-bottom:2px solid #000}.invisible {display:none}</style>
</head>
<body>
<table>
<tr><th>Test</th><th># Passed</th><th># Skipped</th><th># Retried</th><th># Failed</th><th>Time (ms)</th><th>Included Groups</th><th>Excluded Groups</th></tr>
<tr><th colspan="8">ALFAPPSuite</th></tr>
<tr><td><a href="#t0">AppTests</a></td><td class="num">13</td><td class="num">0</td><td class="num">0</td><td class="num attn">3</td><td class="num">227,859</td><td></td><td></td></tr>
</table>
<table id='summary'><thead><tr><th>Class</th><th>Method</th><th>Start</th><th>Time (ms)</th></tr></thead><tbody><tr><th colspan="4">ALFAPPSuite</th></tr></tbody><tbody id="t0"><tr><th colspan="4">AppTests &#8212; failed (configuration methods)</th></tr><tr class="failedeven"><td rowspan="1">ApptestCases.LoginTest</td><td><a href="#m0">userLogout</a></td><td rowspan="1">1729773973789</td><td rowspan="1">5090</td></tr><tr><th colspan="4">AppTests &#8212; failed</th></tr><tr class="failedeven"><td rowspan="1">ApptestCases.NewVehicleTest</td><td><a href="#m1">fillCollateralInformationNew</a></td><td rowspan="1">1729773793560</td><td rowspan="1">61841</td></tr><tr class="failedodd"><td rowspan="2">ApptestCases.SaveSubmitTest</td><td><a href="#m2">tc_applicationSubmit</a></td><td rowspan="1">1729773912648</td><td rowspan="1">54058</td></tr><tr class="failedodd"><td><a href="#m3">tc_verifyEditDraft</a></td><td rowspan="1">1729773966715</td><td rowspan="1">7069</td></tr><tr><th colspan="4">AppTests &#8212; passed</th></tr><tr class="passedeven"><td rowspan="6">ApptestCases.FillApplicantDetailsTest</td><td><a href="#m4">fillAddEmploymentInformationDetails</a></td><td rowspan="1">1729773882974</td><td rowspan="1">7604</td></tr><tr class="passedeven"><td><a href="#m5">fillAdditionalMonthlyIncomeDetails</a></td><td rowspan="1">1729773890578</td><td rowspan="1">6879</td></tr><tr class="passedeven"><td><a href="#m6">fillApplicantDetails</a></td><td rowspan="1">1729773861420</td><td rowspan="1">10441</td></tr><tr class="passedeven"><td><a href="#m7">fillEmploymentInformationDetails</a></td><td rowspan="1">1729773879057</td><td rowspan="1">3917</td></tr><tr class="passedeven"><td><a href="#m8">fillPhysicalAddressDetails</a></td><td rowspan="1">1729773871869</td><td rowspan="1">2323</td></tr><tr class="passedeven"><td><a href="#m9">fillPreviousPhysicalAddressDetails</a></td><td rowspan="1">1729773874192</td><td rowspan="1">4847</td></tr><tr class="passedodd"><td rowspan="4">ApptestCases.LoginTest</td><td><a href="#m10">clickCreateApplication</a></td><td rowspan="1">1729773781622</td><td rowspan="1">5418</td></tr><tr class="passedodd"><td><a href="#m11">invalidLogin</a></td><td rowspan="1">1729773774503</td><td rowspan="1">1604</td></tr><tr class="passedodd"><td><a href="#m12">passwordForget</a></td><td rowspan="1">1729773770749</td><td rowspan="1">3739</td></tr><tr class="passedodd"><td><a href="#m13">userLogin</a></td><td rowspan="1">1729773776108</td><td rowspan="1">5503</td></tr><tr class="passedeven"><td rowspan="2">ApptestCases.NewVehicleTest</td><td><a href="#m14">fillDealDetailNew</a></td><td rowspan="1">1729773787048</td><td rowspan="1">6510</td></tr><tr class="passedeven"><td><a href="#m15">selectAdditionalProductNew</a></td><td rowspan="1">1729773855416</td><td rowspan="1">5995</td></tr><tr class="passedodd"><td rowspan="1">ApptestCases.SaveSubmitTest</td><td><a href="#m16">tc_applicationSave</a></td><td rowspan="1">1729773897466</td><td rowspan="1">15166</td></tr></tbody>
</table>
<h2>AppTests</h2><h3 id="m0">ApptestCases.LoginTest#userLogout</h3><table class="result"><tr><th>Exception</th></tr><tr><td><div class="stacktrace">java.lang.NullPointerException: Cannot invoke &quot;org.openqa.selenium.JavascriptExecutor.executeScript(String, Object[])&quot; because &quot;jse&quot; is null
	at AdminUtilities.AppUtil.scroll_till_element(AppUtil.java:69)
	at AppPageObject.LoginPage.logOut(LoginPage.java:123)
	at ApptestCases.LoginTest.userLogout(LoginTest.java:62)
... Removed 22 stack frames</div></td></tr></table><p class="totop"><a href="#summary">back to summary</a></p>
<h3 id="m1">ApptestCases.NewVehicleTest#fillCollateralInformationNew</h3><table class="result"><tr><th>Exception</th></tr><tr><td><div class="stacktrace">org.openqa.selenium.TimeoutException: Expected condition failed: waiting for visibility of Proxy element for: DefaultElementLocator &apos;By.xpath: //li[contains(text(),&apos;ALTIMA&apos;)]&apos; (tried for 30 second(s) with 500 milliseconds interval)
	at org.openqa.selenium.support.ui.WebDriverWait.timeoutException(WebDriverWait.java:84)
	at org.openqa.selenium.support.ui.FluentWait.until(FluentWait.java:228)
	at AppUtilities.AppActionUtil.visibilityOfElement(AppActionUtil.java:39)
	at AppUtilities.AppActionUtil.click(AppActionUtil.java:20)
	at AppPageObject.NewVehiclePage.fillCollateralInformationForNew(NewVehiclePage.java:123)
	at ApptestCases.NewVehicleTest.fillCollateralInformationNew(NewVehicleTest.java:24)
	at java.base/java.util.ArrayList.forEach(ArrayList.java:1596)
Caused by: org.openqa.selenium.NoSuchElementException: no such element: Unable to locate element: {&quot;method&quot;:&quot;xpath&quot;,&quot;selector&quot;:&quot;//li[contains(text(),&apos;ALTIMA&apos;)]&quot;}
  (Session info: chrome=130.0.6723.70)
For documentation on this error, please visit: https://www.selenium.dev/documentation/webdriver/troubleshooting/errors#no-such-element-exception
Build info: version: &apos;4.25.0&apos;, revision: &apos;8a8aea2337&apos;
System info: os.name: &apos;Windows 11&apos;, os.arch: &apos;amd64&apos;, os.version: &apos;10.0&apos;, java.version: &apos;21.0.4&apos;
Driver info: org.openqa.selenium.chrome.ChromeDriver
Command: [e498eac93d46c07c9a1340f06993fbec, findElement {using=xpath, value=//li[contains(text(),&apos;ALTIMA&apos;)]}]
Capabilities {acceptInsecureCerts: false, browserName: chrome, browserVersion: 130.0.6723.70, chrome: {chromedriverVersion: 130.0.6723.69 (3ec172b971b9..., userDataDir: C:\Users\VRUNDA~1\AppData\L...}, fedcm:accounts: true, goog:chromeOptions: {debuggerAddress: localhost:53645}, networkConnectionEnabled: false, pageLoadStrategy: normal, platformName: windows, proxy: Proxy(), se:cdp: ws://localhost:53645/devtoo..., se:cdpVersion: 130.0.6723.70, setWindowRect: true, strictFileInteractability: false, timeouts: {implicit: 0, pageLoad: 300000, script: 30000}, unhandledPromptBehavior: dismiss and notify, webauthn:extension:credBlob: true, webauthn:extension:largeBlob: true, webauthn:extension:minPinLength: true, webauthn:extension:prf: true, webauthn:virtualAuthenticators: true}
Session ID: e498eac93d46c07c9a1340f06993fbec
	at org.openqa.selenium.remote.ErrorCodec.decode(ErrorCodec.java:167)
	at org.openqa.selenium.remote.codec.w3c.W3CHttpResponseCodec.decode(W3CHttpResponseCodec.java:138)
	at org.openqa.selenium.remote.codec.w3c.W3CHttpResponseCodec.decode(W3CHttpResponseCodec.java:50)
	at org.openqa.selenium.remote.HttpCommandExecutor.execute(HttpCommandExecutor.java:190)
	at org.openqa.selenium.remote.service.DriverCommandExecutor.invokeExecute(DriverCommandExecutor.java:216)
	at org.openqa.selenium.remote.service.DriverCommandExecutor.execute(DriverCommandExecutor.java:174)
	at org.openqa.selenium.remote.RemoteWebDriver.execute(RemoteWebDriver.java:545)
	at org.openqa.selenium.remote.ElementLocation$ElementFinder$2.findElement(ElementLocation.java:165)
	at org.openqa.selenium.remote.ElementLocation.findElement(ElementLocation.java:59)
	at org.openqa.selenium.remote.RemoteWebDriver.findElement(RemoteWebDriver.java:368)
	at org.openqa.selenium.remote.RemoteWebDriver.findElement(RemoteWebDriver.java:362)
	at org.openqa.selenium.support.pagefactory.DefaultElementLocator.findElement(DefaultElementLocator.java:68)
	at org.openqa.selenium.support.pagefactory.internal.LocatingElementHandler.invoke(LocatingElementHandler.java:38)
	at jdk.proxy2/jdk.proxy2.$Proxy13.isDisplayed(Unknown Source)
	at org.openqa.selenium.support.ui.ExpectedConditions.elementIfVisible(ExpectedConditions.java:304)
	at org.openqa.selenium.support.ui.ExpectedConditions$10.apply(ExpectedConditions.java:290)
	at org.openqa.selenium.support.ui.ExpectedConditions$10.apply(ExpectedConditions.java:287)
	at org.openqa.selenium.support.ui.FluentWait.until(FluentWait.java:203)
	... 30 more
... Removed 28 stack frames</div></td></tr></table><p class="totop"><a href="#summary">back to summary</a></p>
<h3 id="m2">ApptestCases.SaveSubmitTest#tc_applicationSubmit</h3><table class="result"><tr><th>Exception</th></tr><tr><td><div class="stacktrace">org.openqa.selenium.TimeoutException: Expected condition failed: waiting for visibility of [[ChromeDriver: chrome on windows (e498eac93d46c07c9a1340f06993fbec)] -&gt; xpath: //div[contains(text(),&apos;Application submitted successfully&apos;)]] (tried for 30 second(s) with 500 milliseconds interval)
	at org.openqa.selenium.support.ui.WebDriverWait.timeoutException(WebDriverWait.java:84)
	at org.openqa.selenium.support.ui.FluentWait.until(FluentWait.java:228)
	at AppUtilities.AppActionUtil.visibilityOfElement(AppActionUtil.java:39)
	at AppPageObject.SaveSubmitPage.submitAndFinanceCalculation(SaveSubmitPage.java:73)
	at ApptestCases.SaveSubmitTest.tc_applicationSubmit(SaveSubmitTest.java:31)
	at java.base/java.util.ArrayList.forEach(ArrayList.java:1596)
Caused by: org.openqa.selenium.NoSuchElementException: no such element: Unable to locate element: {&quot;method&quot;:&quot;xpath&quot;,&quot;selector&quot;:&quot;//div[contains(text(),&apos;Application submitted successfully&apos;)]&quot;}
  (Session info: chrome=130.0.6723.70)
For documentation on this error, please visit: https://www.selenium.dev/documentation/webdriver/troubleshooting/errors#no-such-element-exception
Build info: version: &apos;4.25.0&apos;, revision: &apos;8a8aea2337&apos;
System info: os.name: &apos;Windows 11&apos;, os.arch: &apos;amd64&apos;, os.version: &apos;10.0&apos;, java.version: &apos;21.0.4&apos;
Driver info: org.openqa.selenium.chrome.ChromeDriver
Command: [e498eac93d46c07c9a1340f06993fbec, findElement {using=xpath, value=//div[contains(text(),&apos;Application submitted successfully&apos;)]}]
Capabilities {acceptInsecureCerts: false, browserName: chrome, browserVersion: 130.0.6723.70, chrome: {chromedriverVersion: 130.0.6723.69 (3ec172b971b9..., userDataDir: C:\Users\VRUNDA~1\AppData\L...}, fedcm:accounts: true, goog:chromeOptions: {debuggerAddress: localhost:53645}, networkConnectionEnabled: false, pageLoadStrategy: normal, platformName: windows, proxy: Proxy(), se:cdp: ws://localhost:53645/devtoo..., se:cdpVersion: 130.0.6723.70, setWindowRect: true, strictFileInteractability: false, timeouts: {implicit: 0, pageLoad: 300000, script: 30000}, unhandledPromptBehavior: dismiss and notify, webauthn:extension:credBlob: true, webauthn:extension:largeBlob: true, webauthn:extension:minPinLength: true, webauthn:extension:prf: true, webauthn:virtualAuthenticators: true}
Session ID: e498eac93d46c07c9a1340f06993fbec
	at org.openqa.selenium.remote.ErrorCodec.decode(ErrorCodec.java:167)
	at org.openqa.selenium.remote.codec.w3c.W3CHttpResponseCodec.decode(W3CHttpResponseCodec.java:138)
	at org.openqa.selenium.remote.codec.w3c.W3CHttpResponseCodec.decode(W3CHttpResponseCodec.java:50)
	at org.openqa.selenium.remote.HttpCommandExecutor.execute(HttpCommandExecutor.java:190)
	at org.openqa.selenium.remote.service.DriverCommandExecutor.invokeExecute(DriverCommandExecutor.java:216)
	at org.openqa.selenium.remote.service.DriverCommandExecutor.execute(DriverCommandExecutor.java:174)
	at org.openqa.selenium.remote.RemoteWebDriver.execute(RemoteWebDriver.java:545)
	at org.openqa.selenium.remote.ElementLocation$ElementFinder$2.findElement(ElementLocation.java:165)
	at org.openqa.selenium.remote.ElementLocation.findElement(ElementLocation.java:59)
	at org.openqa.selenium.remote.RemoteWebDriver.findElement(RemoteWebDriver.java:368)
	at org.openqa.selenium.remote.RemoteWebDriver.findElement(RemoteWebDriver.java:362)
	at org.openqa.selenium.support.pagefactory.DefaultElementLocator.findElement(DefaultElementLocator.java:68)
	at org.openqa.selenium.support.pagefactory.internal.LocatingElementHandler.invoke(LocatingElementHandler.java:38)
	at jdk.proxy2/jdk.proxy2.$Proxy13.isDisplayed(Unknown Source)
	at org.openqa.selenium.support.ui.ExpectedConditions.elementIfVisible(ExpectedConditions.java:304)
	at org.openqa.selenium.support.ui.ExpectedConditions$10.apply(ExpectedConditions.java:290)
	at org.openqa.selenium.support.ui.ExpectedConditions$10.apply(ExpectedConditions.java:287)
	at org.openqa.selenium.support.ui.FluentWait.until(FluentWait.java:203)
	... 29 more
... Removed 28 stack frames</div></td></tr></table><p class="totop"><a href="#summary">back to summary</a></p>
<h3 id="m3">ApptestCases.SaveSubmitTest#tc_verifyEditDraft</h3><table class="result"><tr><th>Exception</th></tr><tr><td><div class="stacktrace">org.openqa.selenium.JavascriptException: javascript error: {&quot;status&quot;:12,&quot;value&quot;:&quot;Element is not currently interactable and may not be manipulated&quot;}
  (Session info: chrome=130.0.6723.70)
Build info: version: &apos;4.25.0&apos;, revision: &apos;8a8aea2337&apos;
System info: os.name: &apos;Windows 11&apos;, os.arch: &apos;amd64&apos;, os.version: &apos;10.0&apos;, java.version: &apos;21.0.4&apos;
Driver info: org.openqa.selenium.chrome.ChromeDriver
Command: [e498eac93d46c07c9a1340f06993fbec, clearElement {id=f.44EB4004CF89EDFE47F685E110EB5EC1.d.C9A810FFC98523EA87B3643B513D45BA.e.1256}]
Capabilities {acceptInsecureCerts: false, browserName: chrome, browserVersion: 130.0.6723.70, chrome: {chromedriverVersion: 130.0.6723.69 (3ec172b971b9..., userDataDir: C:\Users\VRUNDA~1\AppData\L...}, fedcm:accounts: true, goog:chromeOptions: {debuggerAddress: localhost:53645}, networkConnectionEnabled: false, pageLoadStrategy: normal, platformName: windows, proxy: Proxy(), se:cdp: ws://localhost:53645/devtoo..., se:cdpVersion: 130.0.6723.70, setWindowRect: true, strictFileInteractability: false, timeouts: {implicit: 0, pageLoad: 300000, script: 30000}, unhandledPromptBehavior: dismiss and notify, webauthn:extension:credBlob: true, webauthn:extension:largeBlob: true, webauthn:extension:minPinLength: true, webauthn:extension:prf: true, webauthn:virtualAuthenticators: true}
Element: [[ChromeDriver: chrome on windows (e498eac93d46c07c9a1340f06993fbec)] -&gt; xpath: //input[@id=&apos;socialSecurityNumber&apos;]]
Session ID: e498eac93d46c07c9a1340f06993fbec
	at org.openqa.selenium.remote.ErrorCodec.decode(ErrorCodec.java:167)
	at org.openqa.selenium.remote.codec.w3c.W3CHttpResponseCodec.decode(W3CHttpResponseCodec.java:138)
	at org.openqa.selenium.remote.codec.w3c.W3CHttpResponseCodec.decode(W3CHttpResponseCodec.java:50)
	at org.openqa.selenium.remote.HttpCommandExecutor.execute(HttpCommandExecutor.java:190)
	at org.openqa.selenium.remote.service.DriverCommandExecutor.invokeExecute(DriverCommandExecutor.java:216)
	at org.openqa.selenium.remote.service.DriverCommandExecutor.execute(DriverCommandExecutor.java:174)
	at org.openqa.selenium.remote.RemoteWebDriver.execute(RemoteWebDriver.java:545)
	at org.openqa.selenium.remote.RemoteWebElement.execute(RemoteWebElement.java:223)
	at org.openqa.selenium.remote.RemoteWebElement.clear(RemoteWebElement.java:129)
	at org.openqa.selenium.support.pagefactory.internal.LocatingElementHandler.invoke(LocatingElementHandler.java:51)
	at jdk.proxy2/jdk.proxy2.$Proxy13.clear(Unknown Source)
	at AppUtilities.AppActionUtil.clear(AppActionUtil.java:50)
	at AppPageObject.SaveSubmitPage.editInDraft(SaveSubmitPage.java:50)
	at ApptestCases.SaveSubmitTest.tc_verifyEditDraft(SaveSubmitTest.java:24)
	at java.base/java.util.ArrayList.forEach(ArrayList.java:1596)
... Removed 30 stack frames</div></td></tr></table><p class="totop"><a href="#summary">back to summary</a></p>
<h3 id="m4">ApptestCases.FillApplicantDetailsTest#fillAddEmploymentInformationDetails</h3><table class="result"><tr><th class="invisible"/></tr></table><p class="totop"><a href="#summary">back to summary</a></p>
<h3 id="m5">ApptestCases.FillApplicantDetailsTest#fillAdditionalMonthlyIncomeDetails</h3><table class="result"><tr><th class="invisible"/></tr></table><p class="totop"><a href="#summary">back to summary</a></p>
<h3 id="m6">ApptestCases.FillApplicantDetailsTest#fillApplicantDetails</h3><table class="result"><tr><th class="invisible"/></tr></table><p class="totop"><a href="#summary">back to summary</a></p>
<h3 id="m7">ApptestCases.FillApplicantDetailsTest#fillEmploymentInformationDetails</h3><table class="result"><tr><th class="invisible"/></tr></table><p class="totop"><a href="#summary">back to summary</a></p>
<h3 id="m8">ApptestCases.FillApplicantDetailsTest#fillPhysicalAddressDetails</h3><table class="result"><tr><th class="invisible"/></tr></table><p class="totop"><a href="#summary">back to summary</a></p>
<h3 id="m9">ApptestCases.FillApplicantDetailsTest#fillPreviousPhysicalAddressDetails</h3><table class="result"><tr><th class="invisible"/></tr></table><p class="totop"><a href="#summary">back to summary</a></p>
<h3 id="m10">ApptestCases.LoginTest#clickCreateApplication</h3><table class="result"><tr><th class="invisible"/></tr></table><p class="totop"><a href="#summary">back to summary</a></p>
<h3 id="m11">ApptestCases.LoginTest#invalidLogin</h3><table class="result"><tr><th class="invisible"/></tr></table><p class="totop"><a href="#summary">back to summary</a></p>
<h3 id="m12">ApptestCases.LoginTest#passwordForget</h3><table class="result"><tr><th class="invisible"/></tr></table><p class="totop"><a href="#summary">back to summary</a></p>
<h3 id="m13">ApptestCases.LoginTest#userLogin</h3><table class="result"><tr><th class="invisible"/></tr></table><p class="totop"><a href="#summary">back to summary</a></p>
<h3 id="m14">ApptestCases.NewVehicleTest#fillDealDetailNew</h3><table class="result"><tr><th class="invisible"/></tr></table><p class="totop"><a href="#summary">back to summary</a></p>
<h3 id="m15">ApptestCases.NewVehicleTest#selectAdditionalProductNew</h3><table class="result"><tr><th class="invisible"/></tr></table><p class="totop"><a href="#summary">back to summary</a></p>
<h3 id="m16">ApptestCases.SaveSubmitTest#tc_applicationSave</h3><table class="result"><tr><th class="invisible"/></tr></table><p class="totop"><a href="#summary">back to summary</a></p>
</body>
</html>
