<!DOCTYPE html>

<html>
  <head>
  <meta charset='utf-8'>
  <title>TestNG reports</title>

    <link type="text/css" href="testng-reports1.css" rel="stylesheet" id="ultra" />
    <link type="text/css" href="testng-reports.css" rel="stylesheet" id="retro" disabled="false"/>
    <script type="text/javascript" src="jquery-3.6.0.min.js"></script>
    <script type="text/javascript" src="testng-reports.js"></script>
    <script type="text/javascript" src="https://www.google.com/jsapi"></script>
    <script type='text/javascript'>
      google.load('visualization', '1', {packages:['table']});
      google.setOnLoadCallback(drawTable);
      var suiteTableInitFunctions = new Array();
      var suiteTableData = new Array();
    </script>
    <!--
      <script type="text/javascript" src="jquery-ui/js/jquery-ui-1.8.16.custom.min.js"></script>
     -->
  </head>

  <body>    <div class="top-banner-root">
      <span class="top-banner-title-font">Test results</span>
      <button id="button" class="button">Switch Retro Theme</button> <!-- button -->
      <br/>
      <span class="top-banner-font-1">1 suite, 3 failed tests</span>
    </div> <!-- top-banner-root -->
    <div class="navigator-root">
      <div class="navigator-suite-header">
        <span>All suites</span>
        <a href="#" title="Collapse/expand all the suites" class="collapse-all-link">
          <img src="collapseall.gif" class="collapse-all-icon">
          </img> <!-- collapse-all-icon -->
        </a> <!-- collapse-all-link -->
      </div> <!-- navigator-suite-header -->
      <div class="suite">
        <div class="rounded-window">
          <div class="suite-header light-rounded-window-top">
            <a href="#" panel-name="suite-ALFAPPSuite" class="navigator-link">
              <span class="suite-name border-failed">ALFAPPSuite</span>
            </a> <!-- navigator-link -->
          </div> <!-- suite-header light-rounded-window-top -->
          <div class="navigator-suite-content">
            <div class="suite-section-title">
              <span>Info</span>
            </div> <!-- suite-section-title -->
            <div class="suite-section-content">
              <ul>
                <li>
                  <a href="#" panel-name="test-xml-ALFAPPSuite" class="navigator-link ">
                    <span>C:\Users\VrundaYajurvedi\eclipse-workspace\ALFFramework_v1.0\apptestng.xml</span>
                  </a> <!-- navigator-link  -->
                </li>
                <li>
                  <a href="#" panel-name="testlist-ALFAPPSuite" class="navigator-link ">
                    <span class="test-stats">1 test</span>
                  </a> <!-- navigator-link  -->
                </li>
                <li>
                  <a href="#" panel-name="group-ALFAPPSuite" class="navigator-link ">
                    <span>0 groups</span>
                  </a> <!-- navigator-link  -->
                </li>
                <li>
                  <a href="#" panel-name="times-ALFAPPSuite" class="navigator-link ">
                    <span>Times</span>
                  </a> <!-- navigator-link  -->
                </li>
                <li>
                  <a href="#" panel-name="reporter-ALFAPPSuite" class="navigator-link ">
                    <span>Reporter output</span>
                  </a> <!-- navigator-link  -->
                </li>
                <li>
                  <a href="#" panel-name="ignored-methods-ALFAPPSuite" class="navigator-link ">
                    <span>Ignored methods</span>
                  </a> <!-- navigator-link  -->
                </li>
                <li>
                  <a href="#" panel-name="chronological-ALFAPPSuite" class="navigator-link ">
                    <span>Chronological view</span>
                  </a> <!-- navigator-link  -->
                </li>
              </ul>
            </div> <!-- suite-section-content -->
            <div class="result-section">
              <div class="suite-section-title">
                <span>Results</span>
              </div> <!-- suite-section-title -->
              <div class="suite-section-content">
                <ul>
                  <li>
                    <span class="method-stats">16 methods, 3 failed,   13 passed</span>
                  </li>
                  <li>
                    <span class="method-list-title failed">Failed methods</span>
                    <span class="show-or-hide-methods failed">
                      <a href="#" panel-name="suite-ALFAPPSuite" class="hide-methods failed suite-ALFAPPSuite"> (hide)</a> <!-- hide-methods failed suite-ALFAPPSuite -->
                      <a href="#" panel-name="suite-ALFAPPSuite" class="show-methods failed suite-ALFAPPSuite"> (show)</a> <!-- show-methods failed suite-ALFAPPSuite -->
                    </span>
                    <div class="method-list-content failed suite-ALFAPPSuite">
                      <span>
                        <img src="failed.png" width="3%"/>
                        <a href="#" panel-name="suite-ALFAPPSuite" title="ApptestCases.NewVehicleTest" class="method navigator-link" hash-for-method="fillCollateralInformationNew">fillCollateralInformationNew</a> <!-- method navigator-link -->
                      </span>
                      <br/>
                      <span>
                        <img src="failed.png" width="3%"/>
                        <a href="#" panel-name="suite-ALFAPPSuite" title="ApptestCases.SaveSubmitTest" class="method navigator-link" hash-for-method="tc_applicationSubmit">tc_applicationSubmit</a> <!-- method navigator-link -->
                      </span>
                      <br/>
                      <span>
                        <img src="failed.png" width="3%"/>
                        <a href="#" panel-name="suite-ALFAPPSuite" title="ApptestCases.SaveSubmitTest" class="method navigator-link" hash-for-method="tc_verifyEditDraft">tc_verifyEditDraft</a> <!-- method navigator-link -->
                      </span>
                      <br/>
                    </div> <!-- method-list-content failed suite-ALFAPPSuite -->
                  </li>
                  <li>
                    <span class="method-list-title passed">Passed methods</span>
                    <span class="show-or-hide-methods passed">
                      <a href="#" panel-name="suite-ALFAPPSuite" class="hide-methods passed suite-ALFAPPSuite"> (hide)</a> <!-- hide-methods passed suite-ALFAPPSuite -->
                      <a href="#" panel-name="suite-ALFAPPSuite" class="show-methods passed suite-ALFAPPSuite"> (show)</a> <!-- show-methods passed suite-ALFAPPSuite -->
                    </span>
                    <div class="method-list-content passed suite-ALFAPPSuite">
                      <span>
                        <img src="passed.png" width="3%"/>
                        <a href="#" panel-name="suite-ALFAPPSuite" title="ApptestCases.LoginTest" class="method navigator-link" hash-for-method="clickCreateApplication">clickCreateApplication</a> <!-- method navigator-link -->
                      </span>
                      <br/>
                      <span>
                        <img src="passed.png" width="3%"/>
                        <a href="#" panel-name="suite-ALFAPPSuite" title="ApptestCases.FillApplicantDetailsTest" class="method navigator-link" hash-for-method="fillAddEmploymentInformationDetails">fillAddEmploymentInformationDetails</a> <!-- method navigator-link -->
                      </span>
                      <br/>
                      <span>
                        <img src="passed.png" width="3%"/>
                        <a href="#" panel-name="suite-ALFAPPSuite" title="ApptestCases.FillApplicantDetailsTest" class="method navigator-link" hash-for-method="fillAdditionalMonthlyIncomeDetails">fillAdditionalMonthlyIncomeDetails</a> <!-- method navigator-link -->
                      </span>
                      <br/>
                      <span>
                        <img src="passed.png" width="3%"/>
                        <a href="#" panel-name="suite-ALFAPPSuite" title="ApptestCases.FillApplicantDetailsTest" class="method navigator-link" hash-for-method="fillApplicantDetails">fillApplicantDetails</a> <!-- method navigator-link -->
                      </span>
                      <br/>
                      <span>
                        <img src="passed.png" width="3%"/>
                        <a href="#" panel-name="suite-ALFAPPSuite" title="ApptestCases.NewVehicleTest" class="method navigator-link" hash-for-method="fillDealDetailNew">fillDealDetailNew</a> <!-- method navigator-link -->
                      </span>
                      <br/>
                      <span>
                        <img src="passed.png" width="3%"/>
                        <a href="#" panel-name="suite-ALFAPPSuite" title="ApptestCases.FillApplicantDetailsTest" class="method navigator-link" hash-for-method="fillEmploymentInformationDetails">fillEmploymentInformationDetails</a> <!-- method navigator-link -->
                      </span>
                      <br/>
                      <span>
                        <img src="passed.png" width="3%"/>
                        <a href="#" panel-name="suite-ALFAPPSuite" title="ApptestCases.FillApplicantDetailsTest" class="method navigator-link" hash-for-method="fillPhysicalAddressDetails">fillPhysicalAddressDetails</a> <!-- method navigator-link -->
                      </span>
                      <br/>
                      <span>
                        <img src="passed.png" width="3%"/>
                        <a href="#" panel-name="suite-ALFAPPSuite" title="ApptestCases.FillApplicantDetailsTest" class="method navigator-link" hash-for-method="fillPreviousPhysicalAddressDetails">fillPreviousPhysicalAddressDetails</a> <!-- method navigator-link -->
                      </span>
                      <br/>
                      <span>
                        <img src="passed.png" width="3%"/>
                        <a href="#" panel-name="suite-ALFAPPSuite" title="ApptestCases.LoginTest" class="method navigator-link" hash-for-method="invalidLogin">invalidLogin</a> <!-- method navigator-link -->
                      </span>
                      <br/>
                      <span>
                        <img src="passed.png" width="3%"/>
                        <a href="#" panel-name="suite-ALFAPPSuite" title="ApptestCases.LoginTest" class="method navigator-link" hash-for-method="passwordForget">passwordForget</a> <!-- method navigator-link -->
                      </span>
                      <br/>
                      <span>
                        <img src="passed.png" width="3%"/>
                        <a href="#" panel-name="suite-ALFAPPSuite" title="ApptestCases.NewVehicleTest" class="method navigator-link" hash-for-method="selectAdditionalProductNew">selectAdditionalProductNew</a> <!-- method navigator-link -->
                      </span>
                      <br/>
                      <span>
                        <img src="passed.png" width="3%"/>
                        <a href="#" panel-name="suite-ALFAPPSuite" title="ApptestCases.SaveSubmitTest" class="method navigator-link" hash-for-method="tc_applicationSave">tc_applicationSave</a> <!-- method navigator-link -->
                      </span>
                      <br/>
                      <span>
                        <img src="passed.png" width="3%"/>
                        <a href="#" panel-name="suite-ALFAPPSuite" title="ApptestCases.LoginTest" class="method navigator-link" hash-for-method="userLogin">userLogin</a> <!-- method navigator-link -->
                      </span>
                      <br/>
                    </div> <!-- method-list-content passed suite-ALFAPPSuite -->
                  </li>
                </ul>
              </div> <!-- suite-section-content -->
            </div> <!-- result-section -->
          </div> <!-- navigator-suite-content -->
        </div> <!-- rounded-window -->
      </div> <!-- suite -->
    </div> <!-- navigator-root -->
    <div class="wrapper">
      <div class="main-panel-root">
        <div panel-name="suite-ALFAPPSuite" class="panel ALFAPPSuite">
          <div class="suite-ALFAPPSuite-class-failed">
            <div class="main-panel-header rounded-window-top">
              <img src="failed.png"/>
              <span class="class-name">ApptestCases.SaveSubmitTest</span>
            </div> <!-- main-panel-header rounded-window-top -->
            <div class="main-panel-content rounded-window-bottom">
              <div class="method">
                <div class="method-content">
                  <a name="tc_applicationSubmit">
                  </a> <!-- tc_applicationSubmit -->
                  <span class="method-name">tc_applicationSubmit</span>
                  <div class="stack-trace">org.openqa.selenium.TimeoutException: Expected condition failed: waiting for visibility of [[ChromeDriver: chrome on windows (e498eac93d46c07c9a1340f06993fbec)] -&gt; xpath: //div[contains(text(),&apos;Application submitted successfully&apos;)]] (tried for 30 second(s) with 500 milliseconds interval)
	at org.openqa.selenium.support.ui.WebDriverWait.timeoutException(WebDriverWait.java:84)
	at org.openqa.selenium.support.ui.FluentWait.until(FluentWait.java:228)
	at AppUtilities.AppActionUtil.visibilityOfElement(AppActionUtil.java:39)
	at AppPageObject.SaveSubmitPage.submitAndFinanceCalculation(SaveSubmitPage.java:73)
	at ApptestCases.SaveSubmitTest.tc_applicationSubmit(SaveSubmitTest.java:31)
	at java.base/java.util.ArrayList.forEach(ArrayList.java:1596)
Caused by: org.openqa.selenium.NoSuchElementException: no such element: Unable to locate element: {&quot;method&quot;:&quot;xpath&quot;,&quot;selector&quot;:&quot;//div[contains(text(),&apos;Application submitted successfully&apos;)]&quot;}
  (Session info: chrome=130.0.6723.70)
For documentation on this error, please visit: https://www.selenium.dev/documentation/webdriver/troubleshooting/errors#no-such-element-exception
Build info: version: &apos;4.25.0&apos;, revision: &apos;8a8aea2337&apos;
System info: os.name: &apos;Windows 11&apos;, os.arch: &apos;amd64&apos;, os.version: &apos;10.0&apos;, java.version: &apos;21.0.4&apos;
Driver info: org.openqa.selenium.chrome.ChromeDriver
Command: [e498eac93d46c07c9a1340f06993fbec, findElement {using=xpath, value=//div[contains(text(),&apos;Application submitted successfully&apos;)]}]
Capabilities {acceptInsecureCerts: false, browserName: chrome, browserVersion: 130.0.6723.70, chrome: {chromedriverVersion: 130.0.6723.69 (3ec172b971b9..., userDataDir: C:\Users\VRUNDA~1\AppData\L...}, fedcm:accounts: true, goog:chromeOptions: {debuggerAddress: localhost:53645}, networkConnectionEnabled: false, pageLoadStrategy: normal, platformName: windows, proxy: Proxy(), se:cdp: ws://localhost:53645/devtoo..., se:cdpVersion: 130.0.6723.70, setWindowRect: true, strictFileInteractability: false, timeouts: {implicit: 0, pageLoad: 300000, script: 30000}, unhandledPromptBehavior: dismiss and notify, webauthn:extension:credBlob: true, webauthn:extension:largeBlob: true, webauthn:extension:minPinLength: true, webauthn:extension:prf: true, webauthn:virtualAuthenticators: true}
Session ID: e498eac93d46c07c9a1340f06993fbec
	at org.openqa.selenium.remote.ErrorCodec.decode(ErrorCodec.java:167)
	at org.openqa.selenium.remote.codec.w3c.W3CHttpResponseCodec.decode(W3CHttpResponseCodec.java:138)
	at org.openqa.selenium.remote.codec.w3c.W3CHttpResponseCodec.decode(W3CHttpResponseCodec.java:50)
	at org.openqa.selenium.remote.HttpCommandExecutor.execute(HttpCommandExecutor.java:190)
	at org.openqa.selenium.remote.service.DriverCommandExecutor.invokeExecute(DriverCommandExecutor.java:216)
	at org.openqa.selenium.remote.service.DriverCommandExecutor.execute(DriverCommandExecutor.java:174)
	at org.openqa.selenium.remote.RemoteWebDriver.execute(RemoteWebDriver.java:545)
	at org.openqa.selenium.remote.ElementLocation$ElementFinder$2.findElement(ElementLocation.java:165)
	at org.openqa.selenium.remote.ElementLocation.findElement(ElementLocation.java:59)
	at org.openqa.selenium.remote.RemoteWebDriver.findElement(RemoteWebDriver.java:368)
	at org.openqa.selenium.remote.RemoteWebDriver.findElement(RemoteWebDriver.java:362)
	at org.openqa.selenium.support.pagefactory.DefaultElementLocator.findElement(DefaultElementLocator.java:68)
	at org.openqa.selenium.support.pagefactory.internal.LocatingElementHandler.invoke(LocatingElementHandler.java:38)
	at jdk.proxy2/jdk.proxy2.$Proxy13.isDisplayed(Unknown Source)
	at org.openqa.selenium.support.ui.ExpectedConditions.elementIfVisible(ExpectedConditions.java:304)
	at org.openqa.selenium.support.ui.ExpectedConditions$10.apply(ExpectedConditions.java:290)
	at org.openqa.selenium.support.ui.ExpectedConditions$10.apply(ExpectedConditions.java:287)
	at org.openqa.selenium.support.ui.FluentWait.until(FluentWait.java:203)
	... 29 more
... Removed 28 stack frames
</div> <!-- stack-trace -->
                </div> <!-- method-content -->
              </div> <!-- method -->
              <div class="method">
                <div class="method-content">
                  <a name="tc_verifyEditDraft">
                  </a> <!-- tc_verifyEditDraft -->
                  <span class="method-name">tc_verifyEditDraft</span>
                  <div class="stack-trace">org.openqa.selenium.JavascriptException: javascript error: {&quot;status&quot;:12,&quot;value&quot;:&quot;Element is not currently interactable and may not be manipulated&quot;}
  (Session info: chrome=130.0.6723.70)
Build info: version: &apos;4.25.0&apos;, revision: &apos;8a8aea2337&apos;
System info: os.name: &apos;Windows 11&apos;, os.arch: &apos;amd64&apos;, os.version: &apos;10.0&apos;, java.version: &apos;21.0.4&apos;
Driver info: org.openqa.selenium.chrome.ChromeDriver
Command: [e498eac93d46c07c9a1340f06993fbec, clearElement {id=f.44EB4004CF89EDFE47F685E110EB5EC1.d.C9A810FFC98523EA87B3643B513D45BA.e.1256}]
Capabilities {acceptInsecureCerts: false, browserName: chrome, browserVersion: 130.0.6723.70, chrome: {chromedriverVersion: 130.0.6723.69 (3ec172b971b9..., userDataDir: C:\Users\VRUNDA~1\AppData\L...}, fedcm:accounts: true, goog:chromeOptions: {debuggerAddress: localhost:53645}, networkConnectionEnabled: false, pageLoadStrategy: normal, platformName: windows, proxy: Proxy(), se:cdp: ws://localhost:53645/devtoo..., se:cdpVersion: 130.0.6723.70, setWindowRect: true, strictFileInteractability: false, timeouts: {implicit: 0, pageLoad: 300000, script: 30000}, unhandledPromptBehavior: dismiss and notify, webauthn:extension:credBlob: true, webauthn:extension:largeBlob: true, webauthn:extension:minPinLength: true, webauthn:extension:prf: true, webauthn:virtualAuthenticators: true}
Element: [[ChromeDriver: chrome on windows (e498eac93d46c07c9a1340f06993fbec)] -&gt; xpath: //input[@id=&apos;socialSecurityNumber&apos;]]
Session ID: e498eac93d46c07c9a1340f06993fbec
	at org.openqa.selenium.remote.ErrorCodec.decode(ErrorCodec.java:167)
	at org.openqa.selenium.remote.codec.w3c.W3CHttpResponseCodec.decode(W3CHttpResponseCodec.java:138)
	at org.openqa.selenium.remote.codec.w3c.W3CHttpResponseCodec.decode(W3CHttpResponseCodec.java:50)
	at org.openqa.selenium.remote.HttpCommandExecutor.execute(HttpCommandExecutor.java:190)
	at org.openqa.selenium.remote.service.DriverCommandExecutor.invokeExecute(DriverCommandExecutor.java:216)
	at org.openqa.selenium.remote.service.DriverCommandExecutor.execute(DriverCommandExecutor.java:174)
	at org.openqa.selenium.remote.RemoteWebDriver.execute(RemoteWebDriver.java:545)
	at org.openqa.selenium.remote.RemoteWebElement.execute(RemoteWebElement.java:223)
	at org.openqa.selenium.remote.RemoteWebElement.clear(RemoteWebElement.java:129)
	at org.openqa.selenium.support.pagefactory.internal.LocatingElementHandler.invoke(LocatingElementHandler.java:51)
	at jdk.proxy2/jdk.proxy2.$Proxy13.clear(Unknown Source)
	at AppUtilities.AppActionUtil.clear(AppActionUtil.java:50)
	at AppPageObject.SaveSubmitPage.editInDraft(SaveSubmitPage.java:50)
	at ApptestCases.SaveSubmitTest.tc_verifyEditDraft(SaveSubmitTest.java:24)
	at java.base/java.util.ArrayList.forEach(ArrayList.java:1596)
... Removed 30 stack frames
</div> <!-- stack-trace -->
                </div> <!-- method-content -->
              </div> <!-- method -->
            </div> <!-- main-panel-content rounded-window-bottom -->
          </div> <!-- suite-ALFAPPSuite-class-failed -->
          <div class="suite-ALFAPPSuite-class-failed">
            <div class="main-panel-header rounded-window-top">
              <img src="failed.png"/>
              <span class="class-name">ApptestCases.NewVehicleTest</span>
            </div> <!-- main-panel-header rounded-window-top -->
            <div class="main-panel-content rounded-window-bottom">
              <div class="method">
                <div class="method-content">
                  <a name="fillCollateralInformationNew">
                  </a> <!-- fillCollateralInformationNew -->
                  <span class="method-name">fillCollateralInformationNew</span>
                  <div class="stack-trace">org.openqa.selenium.TimeoutException: Expected condition failed: waiting for visibility of Proxy element for: DefaultElementLocator &apos;By.xpath: //li[contains(text(),&apos;ALTIMA&apos;)]&apos; (tried for 30 second(s) with 500 milliseconds interval)
	at org.openqa.selenium.support.ui.WebDriverWait.timeoutException(WebDriverWait.java:84)
	at org.openqa.selenium.support.ui.FluentWait.until(FluentWait.java:228)
	at AppUtilities.AppActionUtil.visibilityOfElement(AppActionUtil.java:39)
	at AppUtilities.AppActionUtil.click(AppActionUtil.java:20)
	at AppPageObject.NewVehiclePage.fillCollateralInformationForNew(NewVehiclePage.java:123)
	at ApptestCases.NewVehicleTest.fillCollateralInformationNew(NewVehicleTest.java:24)
	at java.base/java.util.ArrayList.forEach(ArrayList.java:1596)
Caused by: org.openqa.selenium.NoSuchElementException: no such element: Unable to locate element: {&quot;method&quot;:&quot;xpath&quot;,&quot;selector&quot;:&quot;//li[contains(text(),&apos;ALTIMA&apos;)]&quot;}
  (Session info: chrome=130.0.6723.70)
For documentation on this error, please visit: https://www.selenium.dev/documentation/webdriver/troubleshooting/errors#no-such-element-exception
Build info: version: &apos;4.25.0&apos;, revision: &apos;8a8aea2337&apos;
System info: os.name: &apos;Windows 11&apos;, os.arch: &apos;amd64&apos;, os.version: &apos;10.0&apos;, java.version: &apos;21.0.4&apos;
Driver info: org.openqa.selenium.chrome.ChromeDriver
Command: [e498eac93d46c07c9a1340f06993fbec, findElement {using=xpath, value=//li[contains(text(),&apos;ALTIMA&apos;)]}]
Capabilities {acceptInsecureCerts: false, browserName: chrome, browserVersion: 130.0.6723.70, chrome: {chromedriverVersion: 130.0.6723.69 (3ec172b971b9..., userDataDir: C:\Users\VRUNDA~1\AppData\L...}, fedcm:accounts: true, goog:chromeOptions: {debuggerAddress: localhost:53645}, networkConnectionEnabled: false, pageLoadStrategy: normal, platformName: windows, proxy: Proxy(), se:cdp: ws://localhost:53645/devtoo..., se:cdpVersion: 130.0.6723.70, setWindowRect: true, strictFileInteractability: false, timeouts: {implicit: 0, pageLoad: 300000, script: 30000}, unhandledPromptBehavior: dismiss and notify, webauthn:extension:credBlob: true, webauthn:extension:largeBlob: true, webauthn:extension:minPinLength: true, webauthn:extension:prf: true, webauthn:virtualAuthenticators: true}
Session ID: e498eac93d46c07c9a1340f06993fbec
	at org.openqa.selenium.remote.ErrorCodec.decode(ErrorCodec.java:167)
	at org.openqa.selenium.remote.codec.w3c.W3CHttpResponseCodec.decode(W3CHttpResponseCodec.java:138)
	at org.openqa.selenium.remote.codec.w3c.W3CHttpResponseCodec.decode(W3CHttpResponseCodec.java:50)
	at org.openqa.selenium.remote.HttpCommandExecutor.execute(HttpCommandExecutor.java:190)
	at org.openqa.selenium.remote.service.DriverCommandExecutor.invokeExecute(DriverCommandExecutor.java:216)
	at org.openqa.selenium.remote.service.DriverCommandExecutor.execute(DriverCommandExecutor.java:174)
	at org.openqa.selenium.remote.RemoteWebDriver.execute(RemoteWebDriver.java:545)
	at org.openqa.selenium.remote.ElementLocation$ElementFinder$2.findElement(ElementLocation.java:165)
	at org.openqa.selenium.remote.ElementLocation.findElement(ElementLocation.java:59)
	at org.openqa.selenium.remote.RemoteWebDriver.findElement(RemoteWebDriver.java:368)
	at org.openqa.selenium.remote.RemoteWebDriver.findElement(RemoteWebDriver.java:362)
	at org.openqa.selenium.support.pagefactory.DefaultElementLocator.findElement(DefaultElementLocator.java:68)
	at org.openqa.selenium.support.pagefactory.internal.LocatingElementHandler.invoke(LocatingElementHandler.java:38)
	at jdk.proxy2/jdk.proxy2.$Proxy13.isDisplayed(Unknown Source)
	at org.openqa.selenium.support.ui.ExpectedConditions.elementIfVisible(ExpectedConditions.java:304)
	at org.openqa.selenium.support.ui.ExpectedConditions$10.apply(ExpectedConditions.java:290)
	at org.openqa.selenium.support.ui.ExpectedConditions$10.apply(ExpectedConditions.java:287)
	at org.openqa.selenium.support.ui.FluentWait.until(FluentWait.java:203)
	... 30 more
... Removed 28 stack frames
</div> <!-- stack-trace -->
                </div> <!-- method-content -->
              </div> <!-- method -->
            </div> <!-- main-panel-content rounded-window-bottom -->
          </div> <!-- suite-ALFAPPSuite-class-failed -->
          <div class="suite-ALFAPPSuite-class-passed">
            <div class="main-panel-header rounded-window-top">
              <img src="passed.png"/>
              <span class="class-name">ApptestCases.LoginTest</span>
            </div> <!-- main-panel-header rounded-window-top -->
            <div class="main-panel-content rounded-window-bottom">
              <div class="method">
                <div class="method-content">
                  <a name="clickCreateApplication">
                  </a> <!-- clickCreateApplication -->
                  <span class="method-name">clickCreateApplication</span>
                </div> <!-- method-content -->
              </div> <!-- method -->
              <div class="method">
                <div class="method-content">
                  <a name="invalidLogin">
                  </a> <!-- invalidLogin -->
                  <span class="method-name">invalidLogin</span>
                </div> <!-- method-content -->
              </div> <!-- method -->
              <div class="method">
                <div class="method-content">
                  <a name="passwordForget">
                  </a> <!-- passwordForget -->
                  <span class="method-name">passwordForget</span>
                </div> <!-- method-content -->
              </div> <!-- method -->
              <div class="method">
                <div class="method-content">
                  <a name="userLogin">
                  </a> <!-- userLogin -->
                  <span class="method-name">userLogin</span>
                </div> <!-- method-content -->
              </div> <!-- method -->
            </div> <!-- main-panel-content rounded-window-bottom -->
          </div> <!-- suite-ALFAPPSuite-class-passed -->
          <div class="suite-ALFAPPSuite-class-passed">
            <div class="main-panel-header rounded-window-top">
              <img src="passed.png"/>
              <span class="class-name">ApptestCases.SaveSubmitTest</span>
            </div> <!-- main-panel-header rounded-window-top -->
            <div class="main-panel-content rounded-window-bottom">
              <div class="method">
                <div class="method-content">
                  <a name="tc_applicationSave">
                  </a> <!-- tc_applicationSave -->
                  <span class="method-name">tc_applicationSave</span>
                </div> <!-- method-content -->
              </div> <!-- method -->
            </div> <!-- main-panel-content rounded-window-bottom -->
          </div> <!-- suite-ALFAPPSuite-class-passed -->
          <div class="suite-ALFAPPSuite-class-passed">
            <div class="main-panel-header rounded-window-top">
              <img src="passed.png"/>
              <span class="class-name">ApptestCases.FillApplicantDetailsTest</span>
            </div> <!-- main-panel-header rounded-window-top -->
            <div class="main-panel-content rounded-window-bottom">
              <div class="method">
                <div class="method-content">
                  <a name="fillAddEmploymentInformationDetails">
                  </a> <!-- fillAddEmploymentInformationDetails -->
                  <span class="method-name">fillAddEmploymentInformationDetails</span>
                </div> <!-- method-content -->
              </div> <!-- method -->
              <div class="method">
                <div class="method-content">
                  <a name="fillAdditionalMonthlyIncomeDetails">
                  </a> <!-- fillAdditionalMonthlyIncomeDetails -->
                  <span class="method-name">fillAdditionalMonthlyIncomeDetails</span>
                </div> <!-- method-content -->
              </div> <!-- method -->
              <div class="method">
                <div class="method-content">
                  <a name="fillApplicantDetails">
                  </a> <!-- fillApplicantDetails -->
                  <span class="method-name">fillApplicantDetails</span>
                </div> <!-- method-content -->
              </div> <!-- method -->
              <div class="method">
                <div class="method-content">
                  <a name="fillEmploymentInformationDetails">
                  </a> <!-- fillEmploymentInformationDetails -->
                  <span class="method-name">fillEmploymentInformationDetails</span>
                </div> <!-- method-content -->
              </div> <!-- method -->
              <div class="method">
                <div class="method-content">
                  <a name="fillPhysicalAddressDetails">
                  </a> <!-- fillPhysicalAddressDetails -->
                  <span class="method-name">fillPhysicalAddressDetails</span>
                </div> <!-- method-content -->
              </div> <!-- method -->
              <div class="method">
                <div class="method-content">
                  <a name="fillPreviousPhysicalAddressDetails">
                  </a> <!-- fillPreviousPhysicalAddressDetails -->
                  <span class="method-name">fillPreviousPhysicalAddressDetails</span>
                </div> <!-- method-content -->
              </div> <!-- method -->
            </div> <!-- main-panel-content rounded-window-bottom -->
          </div> <!-- suite-ALFAPPSuite-class-passed -->
          <div class="suite-ALFAPPSuite-class-passed">
            <div class="main-panel-header rounded-window-top">
              <img src="passed.png"/>
              <span class="class-name">ApptestCases.NewVehicleTest</span>
            </div> <!-- main-panel-header rounded-window-top -->
            <div class="main-panel-content rounded-window-bottom">
              <div class="method">
                <div class="method-content">
                  <a name="fillDealDetailNew">
                  </a> <!-- fillDealDetailNew -->
                  <span class="method-name">fillDealDetailNew</span>
                </div> <!-- method-content -->
              </div> <!-- method -->
              <div class="method">
                <div class="method-content">
                  <a name="selectAdditionalProductNew">
                  </a> <!-- selectAdditionalProductNew -->
                  <span class="method-name">selectAdditionalProductNew</span>
                </div> <!-- method-content -->
              </div> <!-- method -->
            </div> <!-- main-panel-content rounded-window-bottom -->
          </div> <!-- suite-ALFAPPSuite-class-passed -->
        </div> <!-- panel ALFAPPSuite -->
        <div panel-name="test-xml-ALFAPPSuite" class="panel">
          <div class="main-panel-header rounded-window-top">
            <span class="header-content">C:\Users\VrundaYajurvedi\eclipse-workspace\ALFFramework_v1.0\apptestng.xml</span>
          </div> <!-- main-panel-header rounded-window-top -->
          <div class="main-panel-content rounded-window-bottom">
            <pre>
&lt;?xml version=&quot;1.0&quot; encoding=&quot;UTF-8&quot;?&gt;
&lt;!DOCTYPE suite SYSTEM &quot;https://testng.org/testng-1.0.dtd&quot;&gt;
&lt;suite name=&quot;ALFAPPSuite&quot; guice-stage=&quot;DEVELOPMENT&quot;&gt;
  &lt;test thread-count=&quot;5&quot; name=&quot;AppTests&quot;&gt;
    &lt;classes&gt;
      &lt;class name=&quot;ApptestCases.LoginTest&quot;/&gt;
      &lt;class name=&quot;ApptestCases.NewVehicleTest&quot;/&gt;
      &lt;class name=&quot;ApptestCases.FillApplicantDetailsTest&quot;/&gt;
      &lt;class name=&quot;ApptestCases.SaveSubmitTest&quot;/&gt;
    &lt;/classes&gt;
  &lt;/test&gt; &lt;!-- AppTests --&gt;
&lt;/suite&gt; &lt;!-- ALFAPPSuite --&gt;
            </pre>
          </div> <!-- main-panel-content rounded-window-bottom -->
        </div> <!-- panel -->
        <div panel-name="testlist-ALFAPPSuite" class="panel">
          <div class="main-panel-header rounded-window-top">
            <span class="header-content">Tests for ALFAPPSuite</span>
          </div> <!-- main-panel-header rounded-window-top -->
          <div class="main-panel-content rounded-window-bottom">
            <ul>
              <li>
                <span class="test-name">AppTests (4 classes)</span>
              </li>
            </ul>
          </div> <!-- main-panel-content rounded-window-bottom -->
        </div> <!-- panel -->
        <div panel-name="group-ALFAPPSuite" class="panel">
          <div class="main-panel-header rounded-window-top">
            <span class="header-content">Groups for ALFAPPSuite</span>
          </div> <!-- main-panel-header rounded-window-top -->
          <div class="main-panel-content rounded-window-bottom">
          </div> <!-- main-panel-content rounded-window-bottom -->
        </div> <!-- panel -->
        <div panel-name="times-ALFAPPSuite" class="panel">
          <div class="main-panel-header rounded-window-top">
            <span class="header-content">Times for ALFAPPSuite</span>
          </div> <!-- main-panel-header rounded-window-top -->
          <div class="main-panel-content rounded-window-bottom">
            <div class="times-div">
              <script type="text/javascript">
suiteTableInitFunctions.push('tableData_ALFAPPSuite');
function tableData_ALFAPPSuite() {
var data = new google.visualization.DataTable();
data.addColumn('number', 'Number');
data.addColumn('string', 'Method');
data.addColumn('string', 'Class');
data.addColumn('number', 'Time (ms)');
data.addRows(16);
data.setCell(0, 0, 0)
data.setCell(0, 1, 'fillCollateralInformationNew')
data.setCell(0, 2, 'ApptestCases.NewVehicleTest')
data.setCell(0, 3, 61841);
data.setCell(1, 0, 1)
data.setCell(1, 1, 'tc_applicationSubmit')
data.setCell(1, 2, 'ApptestCases.SaveSubmitTest')
data.setCell(1, 3, 54058);
data.setCell(2, 0, 2)
data.setCell(2, 1, 'tc_applicationSave')
data.setCell(2, 2, 'ApptestCases.SaveSubmitTest')
data.setCell(2, 3, 15166);
data.setCell(3, 0, 3)
data.setCell(3, 1, 'fillApplicantDetails')
data.setCell(3, 2, 'ApptestCases.FillApplicantDetailsTest')
data.setCell(3, 3, 10441);
data.setCell(4, 0, 4)
data.setCell(4, 1, 'fillAddEmploymentInformationDetails')
data.setCell(4, 2, 'ApptestCases.FillApplicantDetailsTest')
data.setCell(4, 3, 7604);
data.setCell(5, 0, 5)
data.setCell(5, 1, 'tc_verifyEditDraft')
data.setCell(5, 2, 'ApptestCases.SaveSubmitTest')
data.setCell(5, 3, 7069);
data.setCell(6, 0, 6)
data.setCell(6, 1, 'fillAdditionalMonthlyIncomeDetails')
data.setCell(6, 2, 'ApptestCases.FillApplicantDetailsTest')
data.setCell(6, 3, 6879);
data.setCell(7, 0, 7)
data.setCell(7, 1, 'fillDealDetailNew')
data.setCell(7, 2, 'ApptestCases.NewVehicleTest')
data.setCell(7, 3, 6510);
data.setCell(8, 0, 8)
data.setCell(8, 1, 'selectAdditionalProductNew')
data.setCell(8, 2, 'ApptestCases.NewVehicleTest')
data.setCell(8, 3, 5995);
data.setCell(9, 0, 9)
data.setCell(9, 1, 'userLogin')
data.setCell(9, 2, 'ApptestCases.LoginTest')
data.setCell(9, 3, 5503);
data.setCell(10, 0, 10)
data.setCell(10, 1, 'clickCreateApplication')
data.setCell(10, 2, 'ApptestCases.LoginTest')
data.setCell(10, 3, 5418);
data.setCell(11, 0, 11)
data.setCell(11, 1, 'fillPreviousPhysicalAddressDetails')
data.setCell(11, 2, 'ApptestCases.FillApplicantDetailsTest')
data.setCell(11, 3, 4847);
data.setCell(12, 0, 12)
data.setCell(12, 1, 'fillEmploymentInformationDetails')
data.setCell(12, 2, 'ApptestCases.FillApplicantDetailsTest')
data.setCell(12, 3, 3917);
data.setCell(13, 0, 13)
data.setCell(13, 1, 'passwordForget')
data.setCell(13, 2, 'ApptestCases.LoginTest')
data.setCell(13, 3, 3739);
data.setCell(14, 0, 14)
data.setCell(14, 1, 'fillPhysicalAddressDetails')
data.setCell(14, 2, 'ApptestCases.FillApplicantDetailsTest')
data.setCell(14, 3, 2323);
data.setCell(15, 0, 15)
data.setCell(15, 1, 'invalidLogin')
data.setCell(15, 2, 'ApptestCases.LoginTest')
data.setCell(15, 3, 1604);
window.suiteTableData['ALFAPPSuite']= { tableData: data, tableDiv: 'times-div-ALFAPPSuite'}
return data;
}
              </script>
              <span class="suite-total-time">Total running time: 3 minutes</span>
              <div id="times-div-ALFAPPSuite">
              </div> <!-- times-div-ALFAPPSuite -->
            </div> <!-- times-div -->
          </div> <!-- main-panel-content rounded-window-bottom -->
        </div> <!-- panel -->
        <div panel-name="reporter-ALFAPPSuite" class="panel">
          <div class="main-panel-header rounded-window-top">
            <span class="header-content">Reporter output for ALFAPPSuite</span>
          </div> <!-- main-panel-header rounded-window-top -->
          <div class="main-panel-content rounded-window-bottom">
          </div> <!-- main-panel-content rounded-window-bottom -->
        </div> <!-- panel -->
        <div panel-name="ignored-methods-ALFAPPSuite" class="panel">
          <div class="main-panel-header rounded-window-top">
            <span class="header-content">0 ignored methods</span>
          </div> <!-- main-panel-header rounded-window-top -->
          <div class="main-panel-content rounded-window-bottom">
          </div> <!-- main-panel-content rounded-window-bottom -->
        </div> <!-- panel -->
        <div panel-name="chronological-ALFAPPSuite" class="panel">
          <div class="main-panel-header rounded-window-top">
            <span class="header-content">Methods in chronological order</span>
          </div> <!-- main-panel-header rounded-window-top -->
          <div class="main-panel-content rounded-window-bottom">
            <div class="chronological-class">
              <div class="chronological-class-name">ApptestCases.LoginTest</div> <!-- chronological-class-name -->
              <div class="configuration-test before">
                <span class="method-name">launchURL</span>
                <span class="method-start">0 ms</span>
              </div> <!-- configuration-test before -->
              <div class="test-method">
                <span class="method-name">passwordForget</span>
                <span class="method-start">19715 ms</span>
              </div> <!-- test-method -->
              <div class="test-method">
                <span class="method-name">invalidLogin</span>
                <span class="method-start">23469 ms</span>
              </div> <!-- test-method -->
              <div class="test-method">
                <span class="method-name">userLogin</span>
                <span class="method-start">25074 ms</span>
              </div> <!-- test-method -->
              <div class="test-method">
                <span class="method-name">clickCreateApplication</span>
                <span class="method-start">30588 ms</span>
              </div> <!-- test-method -->
            </div> <!-- chronological-class -->
            <div class="chronological-class">
              <div class="chronological-class-name">ApptestCases.NewVehicleTest</div> <!-- chronological-class-name -->
              <div class="test-method">
                <span class="method-name">fillDealDetailNew</span>
                <span class="method-start">36014 ms</span>
              </div> <!-- test-method -->
              <div class="test-method">
                <img src="failed.png">
                </img>
                <span class="method-name">fillCollateralInformationNew</span>
                <span class="method-start">42526 ms</span>
              </div> <!-- test-method -->
              <div class="test-method">
                <span class="method-name">selectAdditionalProductNew</span>
                <span class="method-start">104382 ms</span>
              </div> <!-- test-method -->
            </div> <!-- chronological-class -->
            <div class="chronological-class">
              <div class="chronological-class-name">ApptestCases.FillApplicantDetailsTest</div> <!-- chronological-class-name -->
              <div class="test-method">
                <span class="method-name">fillApplicantDetails</span>
                <span class="method-start">110386 ms</span>
              </div> <!-- test-method -->
              <div class="test-method">
                <span class="method-name">fillPhysicalAddressDetails</span>
                <span class="method-start">120835 ms</span>
              </div> <!-- test-method -->
              <div class="test-method">
                <span class="method-name">fillPreviousPhysicalAddressDetails</span>
                <span class="method-start">123158 ms</span>
              </div> <!-- test-method -->
              <div class="test-method">
                <span class="method-name">fillEmploymentInformationDetails</span>
                <span class="method-start">128023 ms</span>
              </div> <!-- test-method -->
              <div class="test-method">
                <span class="method-name">fillAddEmploymentInformationDetails</span>
                <span class="method-start">131940 ms</span>
              </div> <!-- test-method -->
              <div class="test-method">
                <span class="method-name">fillAdditionalMonthlyIncomeDetails</span>
                <span class="method-start">139544 ms</span>
              </div> <!-- test-method -->
            </div> <!-- chronological-class -->
            <div class="chronological-class">
              <div class="chronological-class-name">ApptestCases.SaveSubmitTest</div> <!-- chronological-class-name -->
              <div class="test-method">
                <span class="method-name">tc_applicationSave</span>
                <span class="method-start">146432 ms</span>
              </div> <!-- test-method -->
              <div class="test-method">
                <img src="failed.png">
                </img>
                <span class="method-name">tc_applicationSubmit</span>
                <span class="method-start">161614 ms</span>
              </div> <!-- test-method -->
              <div class="test-method">
                <img src="failed.png">
                </img>
                <span class="method-name">tc_verifyEditDraft</span>
                <span class="method-start">215681 ms</span>
              </div> <!-- test-method -->
            </div> <!-- chronological-class -->
            <div class="chronological-class">
              <div class="chronological-class-name">ApptestCases.LoginTest</div> <!-- chronological-class-name -->
              <div class="configuration-test after">
                <img src="failed.png">
                </img>
                <span class="method-name">userLogout</span>
                <span class="method-start">222755 ms</span>
              </div> <!-- configuration-test after -->
          </div> <!-- main-panel-content rounded-window-bottom -->
        </div> <!-- panel -->
      </div> <!-- main-panel-root -->
    </div> <!-- wrapper -->
  </body>
<script type="text/javascript" src="testng-reports2.js"></script>
</html>
